<?xml version="1.0" encoding="UTF-8"?>
<testng-results ignored="1" total="2" passed="0" failed="1" skipped="0">
  <reporter-output>
  </reporter-output>
  <suite started-at="2022-05-26T01:03:28Z" name="Default suite" finished-at="2022-05-26T01:03:46Z" duration-ms="18013">
    <groups>
    </groups>
    <test started-at="2022-05-26T01:03:28Z" name="Default test" finished-at="2022-05-26T01:03:46Z" duration-ms="18013">
      <class name="seleniumPack.AbhibusTest">
        <test-method is-config="true" signature="beforeMethod()[pri:0, instance:seleniumPack.AbhibusTest@76ed1b7c]" started-at="2022-05-26T01:03:28Z" name="beforeMethod" finished-at="2022-05-26T01:03:38Z" duration-ms="10450" status="PASS">
          <reporter-output>
          </reporter-output>
        </test-method> <!-- beforeMethod -->
        <test-method signature="verifyBusSearchFunctionWorkingForPastDate()[pri:0, instance:seleniumPack.AbhibusTest@76ed1b7c]" started-at="2022-05-26T01:03:38Z" name="verifyBusSearchFunctionWorkingForPastDate" finished-at="2022-05-26T01:03:43Z" duration-ms="5400" status="FAIL">
          <exception class="java.lang.AssertionError">
            <message>
              <![CDATA[[Title is not matching with some conditions] 
Expecting actual:
  "AbhiBus"
to start with:
  "Chennai"
]]>
            </message>
            <full-stacktrace>
              <![CDATA[java.lang.AssertionError: [Title is not matching with some conditions] 
Expecting actual:
  "AbhiBus"
to start with:
  "Chennai"

at seleniumPack.AbhibusTest.verifyBusSearchFunctionWorkingForPastDate(AbhibusTest.java:49)
at java.base/jdk.internal.reflect.NativeMethodAccessorImpl.invoke0(Native Method)
at java.base/jdk.internal.reflect.NativeMethodAccessorImpl.invoke(NativeMethodAccessorImpl.java:62)
at java.base/jdk.internal.reflect.DelegatingMethodAccessorImpl.invoke(DelegatingMethodAccessorImpl.java:43)
at java.base/java.lang.reflect.Method.invoke(Method.java:566)
at org.testng.internal.MethodInvocationHelper.invokeMethod(MethodInvocationHelper.java:124)
at org.testng.internal.Invoker.invokeMethod(Invoker.java:580)
at org.testng.internal.Invoker.invokeTestMethod(Invoker.java:716)
at org.testng.internal.Invoker.invokeTestMethods(Invoker.java:988)
at org.testng.internal.TestMethodWorker.invokeTestMethods(TestMethodWorker.java:125)
at org.testng.internal.TestMethodWorker.run(TestMethodWorker.java:109)
at org.testng.TestRunner.privateRun(TestRunner.java:648)
at org.testng.TestRunner.run(TestRunner.java:505)
at org.testng.SuiteRunner.runTest(SuiteRunner.java:455)
at org.testng.SuiteRunner.runSequentially(SuiteRunner.java:450)
at org.testng.SuiteRunner.privateRun(SuiteRunner.java:415)
at org.testng.SuiteRunner.run(SuiteRunner.java:364)
at org.testng.SuiteRunnerWorker.runSuite(SuiteRunnerWorker.java:52)
at org.testng.SuiteRunnerWorker.run(SuiteRunnerWorker.java:84)
at org.testng.TestNG.runSuitesSequentially(TestNG.java:1208)
at org.testng.TestNG.runSuitesLocally(TestNG.java:1137)
at org.testng.TestNG.runSuites(TestNG.java:1049)
at org.testng.TestNG.run(TestNG.java:1017)
at org.testng.remote.AbstractRemoteTestNG.run(AbstractRemoteTestNG.java:114)
at org.testng.remote.RemoteTestNG.initAndRun(RemoteTestNG.java:251)
at org.testng.remote.RemoteTestNG.main(RemoteTestNG.java:77)
]]>
            </full-stacktrace>
          </exception> <!-- java.lang.AssertionError -->
          <reporter-output>
          </reporter-output>
        </test-method> <!-- verifyBusSearchFunctionWorkingForPastDate -->
        <test-method is-config="true" signature="afterMethod()[pri:0, instance:seleniumPack.AbhibusTest@76ed1b7c]" started-at="2022-05-26T01:03:43Z" name="afterMethod" finished-at="2022-05-26T01:03:46Z" duration-ms="2119" status="PASS">
          <reporter-output>
          </reporter-output>
        </test-method> <!-- afterMethod -->
      </class> <!-- seleniumPack.AbhibusTest -->
    </test> <!-- Default test -->
  </suite> <!-- Default suite -->
</testng-results>
