<?xml version="1.0" encoding="UTF-8"?>
<!-- Generated by org.testng.reporters.JUnitXMLReporter -->
<testsuite ignored="1" hostname="DESKTOP-00F8VL6" failures="0" tests="3" name="Default test" time="48.964" errors="0" timestamp="26 May 2022 01:41:25 GMT">
  <testcase classname="seleniumPack.AbhibusTest" name="verifyBusSearchFunctionWorkingForValidInput" time="5.571"/>
  <testcase classname="seleniumPack.AbhibusTest" name="verifyBusSearchFunctionWorkingForValidInput" time="5.333"/>
  <testcase classname="seleniumPack.AbhibusTest" name="verifyBusSearchFunctionWorkingForValidInput" time="7.285"/>
  <testcase classname="seleniumPack.AbhibusTest" name="verifyBusSearchFunctionWorkingForPastDate" time="0.0">
    <ignored/>
  </testcase> <!-- verifyBusSearchFunctionWorkingForPastDate -->
</testsuite> <!-- Default test -->
